Start testing: Dec 26 12:45 EST
----------------------------------------------------------
1/4 Testing: test_tensor
1/4 Test: test_tensor
Command: "/home/ubuntu/NTTESHGNN/build/test_tensor"
Directory: /home/ubuntu/NTTESHGNN/build
"test_tensor" start time: Dec 26 12:45 EST
Output:
----------------------------------------------------------
NTTESHGNN Tensor Tests
======================

PASS: tensor_creation
PASS: tensor_initialization
PASS: tensor_views
PASS: tensor_clone
PASS: tensor_refcount
PASS: tensor_metadata

All tests passed!
<end of output>
Test time =   0.00 sec
----------------------------------------------------------
Test Passed.
"test_tensor" end time: Dec 26 12:45 EST
"test_tensor" time elapsed: 00:00:00
----------------------------------------------------------

2/4 Testing: test_ops
2/4 Test: test_ops
Command: "/home/ubuntu/NTTESHGNN/build/test_ops"
Directory: /home/ubuntu/NTTESHGNN/build
"test_ops" start time: Dec 26 12:45 EST
Output:
----------------------------------------------------------
NTTESHGNN Operations Tests
==========================

PASS: unary_ops
PASS: binary_ops
PASS: matmul
PASS: softmax
PASS: layer_norm
PASS: rms_norm

All tests passed!
<end of output>
Test time =   0.00 sec
----------------------------------------------------------
Test Passed.
"test_ops" end time: Dec 26 12:45 EST
"test_ops" time elapsed: 00:00:00
----------------------------------------------------------

3/4 Testing: test_hypergraph
3/4 Test: test_hypergraph
Command: "/home/ubuntu/NTTESHGNN/build/test_hypergraph"
Directory: /home/ubuntu/NTTESHGNN/build
"test_hypergraph" start time: Dec 26 12:45 EST
Output:
----------------------------------------------------------
NTTESHGNN Hypergraph Tests
==========================

PASS: graph_creation
PASS: graph_nodes
PASS: graph_edges
PASS: graph_build
PASS: graph_attention_edge

  Graph print output:
Graph: test_print_graph
  Nodes: 3
  Edges: 1
  Training: no
  Grad enabled: no
  Node list:
    [0] input_a: dtype=f32 shape=[10]
    [1] input_b: dtype=f32 shape=[10]
    [2] output_c: dtype=f32 shape=[10]
  Edge list:
    [0] kind=0 inputs=2 outputs=1
PASS: graph_print

All tests passed!
<end of output>
Test time =   0.00 sec
----------------------------------------------------------
Test Passed.
"test_hypergraph" end time: Dec 26 12:45 EST
"test_hypergraph" time elapsed: 00:00:00
----------------------------------------------------------

4/4 Testing: test_esn
4/4 Test: test_esn
Command: "/home/ubuntu/NTTESHGNN/build/test_esn"
Directory: /home/ubuntu/NTTESHGNN/build
"test_esn" start time: Dec 26 12:45 EST
Output:
----------------------------------------------------------
NTTESHGNN Echo State Network Tests
===================================

PASS: reservoir_creation
PASS: reservoir_configuration
  Non-zero weights: 220 / 2500 (8.8%)
PASS: reservoir_initialization
PASS: reservoir_update
PASS: reservoir_reset
  Collected 100 states
PASS: reservoir_training

All tests passed!
<end of output>
Test time =   0.01 sec
----------------------------------------------------------
Test Passed.
"test_esn" end time: Dec 26 12:45 EST
"test_esn" time elapsed: 00:00:00
----------------------------------------------------------

End testing: Dec 26 12:45 EST
